<?xml version="1.0" encoding="UTF-8"?>
<testng-results ignored="0" total="1" passed="1" failed="0" skipped="0">
  <reporter-output>
  </reporter-output>
  <suite started-at="2020-10-11T04:26:07Z" name="Default suite" finished-at="2020-10-11T04:26:18Z" duration-ms="10196">
    <groups>
    </groups>
    <test started-at="2020-10-11T04:26:07Z" name="Default test" finished-at="2020-10-11T04:26:18Z" duration-ms="10196">
      <class name="selenideFramework.SelenideTest">
        <test-method signature="googlesearch()[pri:0, instance:selenideFramework.SelenideTest@32502377]" started-at="2020-10-11T04:26:07Z" name="googlesearch" finished-at="2020-10-11T04:26:18Z" duration-ms="10178" status="PASS">
          <reporter-output>
          </reporter-output>
        </test-method> <!-- googlesearch -->
      </class> <!-- selenideFramework.SelenideTest -->
    </test> <!-- Default test -->
  </suite> <!-- Default suite -->
</testng-results>
